# JRE version: Java(TM) SE Runtime Environment (8.0_11-b12) (build 1.8.0_11-b12)
# Java VM: Java HotSpot(TM) 64-Bit Server VM (25.11-b03 mixed mode windows-amd64 compressed oops)
Heap:
 PSYoungGen      total 142848K, used 112943K [0x00000000eab00000, 0x00000000f6700000, 0x0000000100000000)
  eden space 97280K, 100% used [0x00000000eab00000,0x00000000f0a00000,0x00000000f0a00000)
  from space 45568K, 34% used [0x00000000f3a80000,0x00000000f49cbdc0,0x00000000f6700000)
  to   space 47616K, 44% used [0x00000000f0a00000,0x00000000f1edff50,0x00000000f3880000)
 ParOldGen       total 75264K, used 57839K [0x00000000c0000000, 0x00000000c4980000, 0x00000000eab00000)
  object space 75264K, 76% used [0x00000000c0000000,0x00000000c387bc50,0x00000000c4980000)
 Metaspace       used 67012K, capacity 71226K, committed 72320K, reserved 1110016K
  class space    used 9217K, capacity 10585K, committed 10880K, reserved 1048576K
GC Heap History (10 events):
Event: 2958.509 GC heap after
Heap after GC invocations=55 (full 7):
 PSYoungGen      total 132096K, used 36706K [0x00000000eab00000, 0x00000000f5f80000, 0x0000000100000000)
  eden space 93696K, 0% used [0x00000000eab00000,0x00000000eab00000,0x00000000f0680000)
  from space 38400K, 95% used [0x00000000f3100000,0x00000000f54d8bd0,0x00000000f5680000)
  to   space 43520K, 0% used [0x00000000f0680000,0x00000000f0680000,0x00000000f3100000)
 ParOldGen       total 57856K, used 42037K [0x00000000c0000000, 0x00000000c3880000, 0x00000000eab00000)
  object space 57856K, 72% used [0x00000000c0000000,0x00000000c290d668,0x00000000c3880000)
 Metaspace       used 58787K, capacity 63208K, committed 63360K, reserved 1103872K
  class space    used 8233K, capacity 9749K, committed 9856K, reserved 1048576K
}
Event: 2966.421 GC heap before
{Heap before GC invocations=56 (full 7):
 PSYoungGen      total 132096K, used 124558K [0x00000000eab00000, 0x00000000f5f80000, 0x0000000100000000)
  eden space 93696K, 93% used [0x00000000eab00000,0x00000000f00cacd0,0x00000000f0680000)
  from space 38400K, 95% used [0x00000000f3100000,0x00000000f54d8bd0,0x00000000f5680000)
  to   space 43520K, 0% used [0x00000000f0680000,0x00000000f0680000,0x00000000f3100000)
 ParOldGen       total 57856K, used 42037K [0x00000000c0000000, 0x00000000c3880000, 0x00000000eab00000)
  object space 57856K, 72% used [0x00000000c0000000,0x00000000c290d668,0x00000000c3880000)
 Metaspace       used 61333K, capacity 66039K, committed 66176K, reserved 1105920K
  class space    used 8673K, capacity 10261K, committed 10368K, reserved 1048576K
Event: 2966.461 GC heap after
Heap after GC invocations=56 (full 7):
 PSYoungGen      total 137216K, used 41313K [0x00000000eab00000, 0x00000000f6a80000, 0x0000000100000000)
  eden space 93696K, 0% used [0x00000000eab00000,0x00000000eab00000,0x00000000f0680000)
  from space 43520K, 94% used [0x00000000f0680000,0x00000000f2ed8448,0x00000000f3100000)
  to   space 49152K, 0% used [0x00000000f3a80000,0x00000000f3a80000,0x00000000f6a80000)
 ParOldGen       total 57856K, used 42045K [0x00000000c0000000, 0x00000000c3880000, 0x00000000eab00000)
  object space 57856K, 72% used [0x00000000c0000000,0x00000000c290f668,0x00000000c3880000)
 Metaspace       used 61333K, capacity 66039K, committed 66176K, reserved 1105920K
  class space    used 8673K, capacity 10261K, committed 10368K, reserved 1048576K
}
Event: 2966.461 GC heap before
{Heap before GC invocations=57 (full 8):
 PSYoungGen      total 137216K, used 41313K [0x00000000eab00000, 0x00000000f6a80000, 0x0000000100000000)
  eden space 93696K, 0% used [0x00000000eab00000,0x00000000eab00000,0x00000000f0680000)
  from space 43520K, 94% used [0x00000000f0680000,0x00000000f2ed8448,0x00000000f3100000)
  to   space 49152K, 0% used [0x00000000f3a80000,0x00000000f3a80000,0x00000000f6a80000)
 ParOldGen       total 57856K, used 42045K [0x00000000c0000000, 0x00000000c3880000, 0x00000000eab00000)
  object space 57856K, 72% used [0x00000000c0000000,0x00000000c290f668,0x00000000c3880000)
 Metaspace       used 61333K, capacity 66039K, committed 66176K, reserved 1105920K
  class space    used 8673K, capacity 10261K, committed 10368K, reserved 1048576K
Event: 2966.851 GC heap after
Heap after GC invocations=57 (full 8):
 PSYoungGen      total 137216K, used 311K [0x00000000eab00000, 0x00000000f6a80000, 0x0000000100000000)
  eden space 93696K, 0% used [0x00000000eab00000,0x00000000eab00000,0x00000000f0680000)
  from space 43520K, 0% used [0x00000000f0680000,0x00000000f06cdfc8,0x00000000f3100000)
  to   space 49152K, 0% used [0x00000000f3a80000,0x00000000f3a80000,0x00000000f6a80000)
 ParOldGen       total 57856K, used 57645K [0x00000000c0000000, 0x00000000c3880000, 0x00000000eab00000)
  object space 57856K, 99% used [0x00000000c0000000,0x00000000c384b6e0,0x00000000c3880000)
 Metaspace       used 59718K, capacity 62831K, committed 66176K, reserved 1105920K
  class space    used 8124K, capacity 9175K, committed 10368K, reserved 1048576K
}
Event: 2971.088 GC heap before
{Heap before GC invocations=58 (full 9):
 PSYoungGen      total 137216K, used 94007K [0x00000000eab00000, 0x00000000f6a80000, 0x0000000100000000)
  eden space 93696K, 100% used [0x00000000eab00000,0x00000000f0680000,0x00000000f0680000)
  from space 43520K, 0% used [0x00000000f0680000,0x00000000f06cdfc8,0x00000000f3100000)
  to   space 49152K, 0% used [0x00000000f3a80000,0x00000000f3a80000,0x00000000f6a80000)
 ParOldGen       total 57856K, used 57645K [0x00000000c0000000, 0x00000000c3880000, 0x00000000eab00000)
  object space 57856K, 99% used [0x00000000c0000000,0x00000000c384b6e0,0x00000000c3880000)
 Metaspace       used 62333K, capacity 65979K, committed 67968K, reserved 1107968K
  class space    used 8438K, capacity 9688K, committed 10368K, reserved 1048576K
Event: 2971.708 GC heap after
Heap after GC invocations=58 (full 9):
 PSYoungGen      total 137216K, used 5993K [0x00000000eab00000, 0x00000000f6a80000, 0x0000000100000000)
  eden space 93696K, 6% used [0x00000000eab00000,0x00000000eb0da570,0x00000000f0680000)
  from space 43520K, 0% used [0x00000000f0680000,0x00000000f0680000,0x00000000f3100000)
  to   space 49152K, 0% used [0x00000000f3a80000,0x00000000f3a80000,0x00000000f6a80000)
 ParOldGen       total 75264K, used 57823K [0x00000000c0000000, 0x00000000c4980000, 0x00000000eab00000)
  object space 75264K, 76% used [0x00000000c0000000,0x00000000c3877c50,0x00000000c4980000)
 Metaspace       used 62333K, capacity 65979K, committed 67968K, reserved 1107968K
  class space    used 8438K, capacity 9688K, committed 10368K, reserved 1048576K
}
Event: 2973.287 GC heap before
{Heap before GC invocations=59 (full 9):
 PSYoungGen      total 137216K, used 93696K [0x00000000eab00000, 0x00000000f6a80000, 0x0000000100000000)
  eden space 93696K, 100% used [0x00000000eab00000,0x00000000f0680000,0x00000000f0680000)
  from space 43520K, 0% used [0x00000000f0680000,0x00000000f0680000,0x00000000f3100000)
  to   space 49152K, 0% used [0x00000000f3a80000,0x00000000f3a80000,0x00000000f6a80000)
 ParOldGen       total 75264K, used 57823K [0x00000000c0000000, 0x00000000c4980000, 0x00000000eab00000)
  object space 75264K, 76% used [0x00000000c0000000,0x00000000c3877c50,0x00000000c4980000)
 Metaspace       used 64696K, capacity 68657K, committed 70016K, reserved 1107968K
  class space    used 8838K, capacity 10212K, committed 10624K, reserved 1048576K
Event: 2973.323 GC heap after
Heap after GC invocations=59 (full 9):
 PSYoungGen      total 142848K, used 15663K [0x00000000eab00000, 0x00000000f6700000, 0x0000000100000000)
  eden space 97280K, 0% used [0x00000000eab00000,0x00000000eab00000,0x00000000f0a00000)
  from space 45568K, 34% used [0x00000000f3a80000,0x00000000f49cbdc0,0x00000000f6700000)
  to   space 47616K, 0% used [0x00000000f0a00000,0x00000000f0a00000,0x00000000f3880000)
 ParOldGen       total 75264K, used 57831K [0x00000000c0000000, 0x00000000c4980000, 0x00000000eab00000)
  object space 75264K, 76% used [0x00000000c0000000,0x00000000c3879c50,0x00000000c4980000)
 Metaspace       used 64696K, capacity 68657K, committed 70016K, reserved 1107968K
  class space    used 8838K, capacity 10212K, committed 10624K, reserved 1048576K
}
Event: 11118.604 GC heap before
{Heap before GC invocations=60 (full 9):
 PSYoungGen      total 142848K, used 112943K [0x00000000eab00000, 0x00000000f6700000, 0x0000000100000000)
  eden space 97280K, 100% used [0x00000000eab00000,0x00000000f0a00000,0x00000000f0a00000)
  from space 45568K, 34% used [0x00000000f3a80000,0x00000000f49cbdc0,0x00000000f6700000)
  to   space 47616K, 0% used [0x00000000f0a00000,0x00000000f0a00000,0x00000000f3880000)
 ParOldGen       total 75264K, used 57831K [0x00000000c0000000, 0x00000000c4980000, 0x00000000eab00000)
  object space 75264K, 76% used [0x00000000c0000000,0x00000000c3879c50,0x00000000c4980000)
 Metaspace       used 67012K, capacity 71226K, committed 72320K, reserved 1110016K
  class space    used 9217K, capacity 10585K, committed 10880K, reserved 1048576K

