# JRE version: Java(TM) SE Runtime Environment (8.0_11-b12) (build 1.8.0_11-b12)
# Java VM: Java HotSpot(TM) 64-Bit Server VM (25.11-b03 mixed mode windows-amd64 compressed oops)
Heap:
 PSYoungGen      total 263680K, used 212520K [0x00000000eab00000, 0x00000000ff600000, 0x0000000100000000)
  eden space 195584K, 100% used [0x00000000eab00000,0x00000000f6a00000,0x00000000f6a00000)
  from space 68096K, 24% used [0x00000000fb380000,0x00000000fc40a0e0,0x00000000ff600000)
  to   space 71680K, 0% used [0x00000000f6a00000,0x00000000f6a00000,0x00000000fb000000)
 ParOldGen       total 477696K, used 477496K [0x00000000c0000000, 0x00000000dd280000, 0x00000000eab00000)
  object space 477696K, 99% used [0x00000000c0000000,0x00000000dd24e218,0x00000000dd280000)
 Metaspace       used 492300K, capacity 508200K, committed 510592K, reserved 1486848K
  class space    used 66618K, capacity 72109K, committed 72576K, reserved 1048576K
GC Heap History (10 events):
Event: 32096.975 GC heap after
Heap after GC invocations=280 (full 67):
 PSYoungGen      total 269312K, used 20592K [0x00000000eab00000, 0x0000000100000000, 0x0000000100000000)
  eden space 189440K, 0% used [0x00000000eab00000,0x00000000eab00000,0x00000000f6400000)
  from space 79872K, 25% used [0x00000000f6400000,0x00000000f781c048,0x00000000fb200000)
  to   space 79872K, 0% used [0x00000000fb200000,0x00000000fb200000,0x0000000100000000)
 ParOldGen       total 477696K, used 471099K [0x00000000c0000000, 0x00000000dd280000, 0x00000000eab00000)
  object space 477696K, 98% used [0x00000000c0000000,0x00000000dcc0ec18,0x00000000dd280000)
 Metaspace       used 478211K, capacity 492800K, committed 496384K, reserved 1474560K
  class space    used 64533K, capacity 69564K, committed 70400K, reserved 1048576K
}
Event: 32179.707 GC heap before
{Heap before GC invocations=281 (full 67):
 PSYoungGen      total 269312K, used 210032K [0x00000000eab00000, 0x0000000100000000, 0x0000000100000000)
  eden space 189440K, 100% used [0x00000000eab00000,0x00000000f6400000,0x00000000f6400000)
  from space 79872K, 25% used [0x00000000f6400000,0x00000000f781c048,0x00000000fb200000)
  to   space 79872K, 0% used [0x00000000fb200000,0x00000000fb200000,0x0000000100000000)
 ParOldGen       total 477696K, used 471099K [0x00000000c0000000, 0x00000000dd280000, 0x00000000eab00000)
  object space 477696K, 98% used [0x00000000c0000000,0x00000000dcc0ec18,0x00000000dd280000)
 Metaspace       used 482743K, capacity 497909K, committed 500992K, reserved 1478656K
  class space    used 65192K, capacity 70442K, committed 71168K, reserved 1048576K
Event: 32179.768 GC heap after
Heap after GC invocations=281 (full 67):
 PSYoungGen      total 264192K, used 28970K [0x00000000eab00000, 0x00000000ffb00000, 0x0000000100000000)
  eden space 189440K, 0% used [0x00000000eab00000,0x00000000eab00000,0x00000000f6400000)
  from space 74752K, 38% used [0x00000000fb200000,0x00000000fce4a8e8,0x00000000ffb00000)
  to   space 77312K, 0% used [0x00000000f6400000,0x00000000f6400000,0x00000000faf80000)
 ParOldGen       total 477696K, used 471099K [0x00000000c0000000, 0x00000000dd280000, 0x00000000eab00000)
  object space 477696K, 98% used [0x00000000c0000000,0x00000000dcc0ec18,0x00000000dd280000)
 Metaspace       used 482743K, capacity 497909K, committed 500992K, reserved 1478656K
  class space    used 65192K, capacity 70442K, committed 71168K, reserved 1048576K
}
Event: 32184.321 GC heap before
{Heap before GC invocations=282 (full 67):
 PSYoungGen      total 264192K, used 218410K [0x00000000eab00000, 0x00000000ffb00000, 0x0000000100000000)
  eden space 189440K, 100% used [0x00000000eab00000,0x00000000f6400000,0x00000000f6400000)
  from space 74752K, 38% used [0x00000000fb200000,0x00000000fce4a8e8,0x00000000ffb00000)
  to   space 77312K, 0% used [0x00000000f6400000,0x00000000f6400000,0x00000000faf80000)
 ParOldGen       total 477696K, used 471099K [0x00000000c0000000, 0x00000000dd280000, 0x00000000eab00000)
  object space 477696K, 98% used [0x00000000c0000000,0x00000000dcc0ec18,0x00000000dd280000)
 Metaspace       used 487474K, capacity 503022K, committed 505600K, reserved 1482752K
  class space    used 65996K, capacity 71372K, committed 71936K, reserved 1048576K
Event: 32184.364 GC heap after
Heap after GC invocations=282 (full 67):
 PSYoungGen      total 266752K, used 43226K [0x00000000eab00000, 0x00000000ffd00000, 0x0000000100000000)
  eden space 189440K, 0% used [0x00000000eab00000,0x00000000eab00000,0x00000000f6400000)
  from space 77312K, 55% used [0x00000000f6400000,0x00000000f8e36bb0,0x00000000faf80000)
  to   space 75264K, 0% used [0x00000000fb380000,0x00000000fb380000,0x00000000ffd00000)
 ParOldGen       total 477696K, used 471107K [0x00000000c0000000, 0x00000000dd280000, 0x00000000eab00000)
  object space 477696K, 98% used [0x00000000c0000000,0x00000000dcc10c18,0x00000000dd280000)
 Metaspace       used 487474K, capacity 503022K, committed 505600K, reserved 1482752K
  class space    used 65996K, capacity 71372K, committed 71936K, reserved 1048576K
}
Event: 32184.382 GC heap before
{Heap before GC invocations=283 (full 67):
 PSYoungGen      total 266752K, used 45599K [0x00000000eab00000, 0x00000000ffd00000, 0x0000000100000000)
  eden space 189440K, 1% used [0x00000000eab00000,0x00000000ead51448,0x00000000f6400000)
  from space 77312K, 55% used [0x00000000f6400000,0x00000000f8e36bb0,0x00000000faf80000)
  to   space 75264K, 0% used [0x00000000fb380000,0x00000000fb380000,0x00000000ffd00000)
 ParOldGen       total 477696K, used 471107K [0x00000000c0000000, 0x00000000dd280000, 0x00000000eab00000)
  object space 477696K, 98% used [0x00000000c0000000,0x00000000dcc10c18,0x00000000dd280000)
 Metaspace       used 487474K, capacity 503022K, committed 505600K, reserved 1482752K
  class space    used 65996K, capacity 71372K, committed 71936K, reserved 1048576K
Event: 32184.420 GC heap after
Heap after GC invocations=283 (full 67):
 PSYoungGen      total 263680K, used 38117K [0x00000000eab00000, 0x00000000ff600000, 0x0000000100000000)
  eden space 195584K, 0% used [0x00000000eab00000,0x00000000eab00000,0x00000000f6a00000)
  from space 68096K, 55% used [0x00000000fb380000,0x00000000fd8b9590,0x00000000ff600000)
  to   space 71680K, 0% used [0x00000000f6a00000,0x00000000f6a00000,0x00000000fb000000)
 ParOldGen       total 477696K, used 471107K [0x00000000c0000000, 0x00000000dd280000, 0x00000000eab00000)
  object space 477696K, 98% used [0x00000000c0000000,0x00000000dcc10c18,0x00000000dd280000)
 Metaspace       used 487474K, capacity 503022K, committed 505600K, reserved 1482752K
  class space    used 65996K, capacity 71372K, committed 71936K, reserved 1048576K
}
Event: 32184.420 GC heap before
{Heap before GC invocations=284 (full 68):
 PSYoungGen      total 263680K, used 38117K [0x00000000eab00000, 0x00000000ff600000, 0x0000000100000000)
  eden space 195584K, 0% used [0x00000000eab00000,0x00000000eab00000,0x00000000f6a00000)
  from space 68096K, 55% used [0x00000000fb380000,0x00000000fd8b9590,0x00000000ff600000)
  to   space 71680K, 0% used [0x00000000f6a00000,0x00000000f6a00000,0x00000000fb000000)
 ParOldGen       total 477696K, used 471107K [0x00000000c0000000, 0x00000000dd280000, 0x00000000eab00000)
  object space 477696K, 98% used [0x00000000c0000000,0x00000000dcc10c18,0x00000000dd280000)
 Metaspace       used 487474K, capacity 503022K, committed 505600K, reserved 1482752K
  class space    used 65996K, capacity 71372K, committed 71936K, reserved 1048576K
Event: 32186.580 GC heap after
Heap after GC invocations=284 (full 68):
 PSYoungGen      total 263680K, used 16936K [0x00000000eab00000, 0x00000000ff600000, 0x0000000100000000)
  eden space 195584K, 0% used [0x00000000eab00000,0x00000000eab00000,0x00000000f6a00000)
  from space 68096K, 24% used [0x00000000fb380000,0x00000000fc40a0e0,0x00000000ff600000)
  to   space 71680K, 0% used [0x00000000f6a00000,0x00000000f6a00000,0x00000000fb000000)
 ParOldGen       total 477696K, used 477496K [0x00000000c0000000, 0x00000000dd280000, 0x00000000eab00000)
  object space 477696K, 99% used [0x00000000c0000000,0x00000000dd24e218,0x00000000dd280000)
 Metaspace       used 487008K, capacity 502026K, committed 505600K, reserved 1482752K
  class space    used 65809K, capacity 71005K, committed 71936K, reserved 1048576K
}
Event: 34475.188 GC heap before
{Heap before GC invocations=285 (full 69):
 PSYoungGen      total 263680K, used 212520K [0x00000000eab00000, 0x00000000ff600000, 0x0000000100000000)
  eden space 195584K, 100% used [0x00000000eab00000,0x00000000f6a00000,0x00000000f6a00000)
  from space 68096K, 24% used [0x00000000fb380000,0x00000000fc40a0e0,0x00000000ff600000)
  to   space 71680K, 0% used [0x00000000f6a00000,0x00000000f6a00000,0x00000000fb000000)
 ParOldGen       total 477696K, used 477496K [0x00000000c0000000, 0x00000000dd280000, 0x00000000eab00000)
  object space 477696K, 99% used [0x00000000c0000000,0x00000000dd24e218,0x00000000dd280000)
 Metaspace       used 492300K, capacity 508200K, committed 510592K, reserved 1486848K
  class space    used 66618K, capacity 72109K, committed 72576K, reserved 1048576K

